# JRE version: Java(TM) SE Runtime Environment (8.0_181-b13) (build 1.8.0_181-b13)
# Java VM: Java HotSpot(TM) 64-Bit Server VM (25.181-b13 mixed mode bsd-amd64 compressed oops)
Heap:
 PSYoungGen      total 164864K, used 119204K [0x0000000795580000, 0x00000007a1c80000, 0x00000007c0000000)
  eden space 157696K, 75% used [0x0000000795580000,0x000000079c9e9290,0x000000079ef80000)
  from space 7168K, 0% used [0x000000079f800000,0x000000079f800000,0x000000079ff00000)
  to   space 8704K, 0% used [0x000000079ef80000,0x000000079ef80000,0x000000079f800000)
 ParOldGen       total 82432K, used 12879K [0x0000000740000000, 0x0000000745080000, 0x0000000795580000)
  object space 82432K, 15% used [0x0000000740000000,0x0000000740c93e68,0x0000000745080000)
 Metaspace       used 37910K, capacity 39338K, committed 39552K, reserved 1083392K
  class space    used 5100K, capacity 5382K, committed 5504K, reserved 1048576K
GC Heap History (10 events):
Event: 4.776 GC heap before
{Heap before GC invocations=8 (full 1):
 PSYoungGen      total 72192K, used 3510K [0x0000000795580000, 0x000000079e280000, 0x00000007c0000000)
  eden space 66560K, 0% used [0x0000000795580000,0x0000000795580000,0x0000000799680000)
  from space 5632K, 62% used [0x0000000799680000,0x00000007999eda60,0x0000000799c00000)
  to   space 5632K, 0% used [0x000000079dd00000,0x000000079dd00000,0x000000079e280000)
 ParOldGen       total 87552K, used 2421K [0x0000000740000000, 0x0000000745580000, 0x0000000795580000)
  object space 87552K, 2% used [0x0000000740000000,0x000000074025d6c0,0x0000000745580000)
 Metaspace       used 20579K, capacity 21132K, committed 21296K, reserved 1067008K
  class space    used 2781K, capacity 2925K, committed 2944K, reserved 1048576K
Event: 4.811 GC heap after
Heap after GC invocations=8 (full 1):
 PSYoungGen      total 72192K, used 0K [0x0000000795580000, 0x000000079e280000, 0x00000007c0000000)
  eden space 66560K, 0% used [0x0000000795580000,0x0000000795580000,0x0000000799680000)
  from space 5632K, 0% used [0x0000000799680000,0x0000000799680000,0x0000000799c00000)
  to   space 5632K, 0% used [0x000000079dd00000,0x000000079dd00000,0x000000079e280000)
 ParOldGen       total 50688K, used 5634K [0x0000000740000000, 0x0000000743180000, 0x0000000795580000)
  object space 50688K, 11% used [0x0000000740000000,0x0000000740580ae0,0x0000000743180000)
 Metaspace       used 20579K, capacity 21132K, committed 21296K, reserved 1067008K
  class space    used 2781K, capacity 2925K, committed 2944K, reserved 1048576K
}
Event: 5.290 GC heap before
{Heap before GC invocations=9 (full 1):
 PSYoungGen      total 72192K, used 66560K [0x0000000795580000, 0x000000079e280000, 0x00000007c0000000)
  eden space 66560K, 100% used [0x0000000795580000,0x0000000799680000,0x0000000799680000)
  from space 5632K, 0% used [0x0000000799680000,0x0000000799680000,0x0000000799c00000)
  to   space 5632K, 0% used [0x000000079dd00000,0x000000079dd00000,0x000000079e280000)
 ParOldGen       total 50688K, used 5634K [0x0000000740000000, 0x0000000743180000, 0x0000000795580000)
  object space 50688K, 11% used [0x0000000740000000,0x0000000740580ae0,0x0000000743180000)
 Metaspace       used 23554K, capacity 24228K, committed 24576K, reserved 1071104K
  class space    used 3290K, capacity 3467K, committed 3584K, reserved 1048576K
Event: 5.296 GC heap after
Heap after GC invocations=9 (full 1):
 PSYoungGen      total 116224K, used 3876K [0x0000000795580000, 0x000000079e100000, 0x00000007c0000000)
  eden space 112128K, 0% used [0x0000000795580000,0x0000000795580000,0x000000079c300000)
  from space 4096K, 94% used [0x000000079dd00000,0x000000079e0c9188,0x000000079e100000)
  to   space 5632K, 0% used [0x000000079d600000,0x000000079d600000,0x000000079db80000)
 ParOldGen       total 50688K, used 5642K [0x0000000740000000, 0x0000000743180000, 0x0000000795580000)
  object space 50688K, 11% used [0x0000000740000000,0x0000000740582ae0,0x0000000743180000)
 Metaspace       used 23554K, capacity 24228K, committed 24576K, reserved 1071104K
  class space    used 3290K, capacity 3467K, committed 3584K, reserved 1048576K
}
Event: 5.938 GC heap before
{Heap before GC invocations=10 (full 1):
 PSYoungGen      total 116224K, used 116004K [0x0000000795580000, 0x000000079e100000, 0x00000007c0000000)
  eden space 112128K, 100% used [0x0000000795580000,0x000000079c300000,0x000000079c300000)
  from space 4096K, 94% used [0x000000079dd00000,0x000000079e0c9188,0x000000079e100000)
  to   space 5632K, 0% used [0x000000079d600000,0x000000079d600000,0x000000079db80000)
 ParOldGen       total 50688K, used 5642K [0x0000000740000000, 0x0000000743180000, 0x0000000795580000)
  object space 50688K, 11% used [0x0000000740000000,0x0000000740582ae0,0x0000000743180000)
 Metaspace       used 29056K, capacity 29868K, committed 30080K, reserved 1075200K
  class space    used 3949K, capacity 4151K, committed 4224K, reserved 1048576K
Event: 5.950 GC heap after
Heap after GC invocations=10 (full 1):
 PSYoungGen      total 137216K, used 5614K [0x0000000795580000, 0x000000079ff00000, 0x00000007c0000000)
  eden space 131584K, 0% used [0x0000000795580000,0x0000000795580000,0x000000079d600000)
  from space 5632K, 99% used [0x000000079d600000,0x000000079db7ba18,0x000000079db80000)
  to   space 7168K, 0% used [0x000000079f800000,0x000000079f800000,0x000000079ff00000)
 ParOldGen       total 50688K, used 8271K [0x0000000740000000, 0x0000000743180000, 0x0000000795580000)
  object space 50688K, 16% used [0x0000000740000000,0x0000000740813c90,0x0000000743180000)
 Metaspace       used 29056K, capacity 29868K, committed 30080K, reserved 1075200K
  class space    used 3949K, capacity 4151K, committed 4224K, reserved 1048576K
}
Event: 7.231 GC heap before
{Heap before GC invocations=11 (full 1):
 PSYoungGen      total 137216K, used 123849K [0x0000000795580000, 0x000000079ff00000, 0x00000007c0000000)
  eden space 131584K, 89% used [0x0000000795580000,0x000000079c8f6a20,0x000000079d600000)
  from space 5632K, 99% used [0x000000079d600000,0x000000079db7ba18,0x000000079db80000)
  to   space 7168K, 0% used [0x000000079f800000,0x000000079f800000,0x000000079ff00000)
 ParOldGen       total 50688K, used 8271K [0x0000000740000000, 0x0000000743180000, 0x0000000795580000)
  object space 50688K, 16% used [0x0000000740000000,0x0000000740813c90,0x0000000743180000)
 Metaspace       used 34372K, capacity 35452K, committed 35496K, reserved 1079296K
  class space    used 4613K, capacity 4851K, committed 4864K, reserved 1048576K
Event: 7.251 GC heap after
Heap after GC invocations=11 (full 1):
 PSYoungGen      total 164864K, used 7159K [0x0000000795580000, 0x00000007a1c80000, 0x00000007c0000000)
  eden space 157696K, 0% used [0x0000000795580000,0x0000000795580000,0x000000079ef80000)
  from space 7168K, 99% used [0x000000079f800000,0x000000079fefdd50,0x000000079ff00000)
  to   space 8704K, 0% used [0x000000079ef80000,0x000000079ef80000,0x000000079f800000)
 ParOldGen       total 50688K, used 9994K [0x0000000740000000, 0x0000000743180000, 0x0000000795580000)
  object space 50688K, 19% used [0x0000000740000000,0x00000007409c2950,0x0000000743180000)
 Metaspace       used 34372K, capacity 35452K, committed 35496K, reserved 1079296K
  class space    used 4613K, capacity 4851K, committed 4864K, reserved 1048576K
}
Event: 7.251 GC heap before
{Heap before GC invocations=12 (full 2):
 PSYoungGen      total 164864K, used 7159K [0x0000000795580000, 0x00000007a1c80000, 0x00000007c0000000)
  eden space 157696K, 0% used [0x0000000795580000,0x0000000795580000,0x000000079ef80000)
  from space 7168K, 99% used [0x000000079f800000,0x000000079fefdd50,0x000000079ff00000)
  to   space 8704K, 0% used [0x000000079ef80000,0x000000079ef80000,0x000000079f800000)
 ParOldGen       total 50688K, used 9994K [0x0000000740000000, 0x0000000743180000, 0x0000000795580000)
  object space 50688K, 19% used [0x0000000740000000,0x00000007409c2950,0x0000000743180000)
 Metaspace       used 34372K, capacity 35452K, committed 35496K, reserved 1079296K
  class space    used 4613K, capacity 4851K, committed 4864K, reserved 1048576K
Event: 7.323 GC heap after
Heap after GC invocations=12 (full 2):
 PSYoungGen      total 164864K, used 0K [0x0000000795580000, 0x00000007a1c80000, 0x00000007c0000000)
  eden space 157696K, 0% used [0x0000000795580000,0x0000000795580000,0x000000079ef80000)
  from space 7168K, 0% used [0x000000079f800000,0x000000079f800000,0x000000079ff00000)
  to   space 8704K, 0% used [0x000000079ef80000,0x000000079ef80000,0x000000079f800000)
 ParOldGen       total 82432K, used 12879K [0x0000000740000000, 0x0000000745080000, 0x0000000795580000)
  object space 82432K, 15% used [0x0000000740000000,0x0000000740c93e68,0x0000000745080000)
 Metaspace       used 34372K, capacity 35452K, committed 35496K, reserved 1079296K
  class space    used 4613K, capacity 4851K, committed 4864K, reserved 1048576K
}

